app/build/outputs/logs/manifest-merger-debug-report.txt
-- Merging decision tree log ---
manifest
ADDED from src\main\AndroidManifest.xml:2:1-88:12
	package
		ADDED from src\main\AndroidManifest.xml:3:5-41
		INJECTED from src\main\AndroidManifest.xml
		INJECTED from src\main\AndroidManifest.xml
	android:versionName
		INJECTED from src\main\AndroidManifest.xml
		INJECTED from src\main\AndroidManifest.xml
	xmlns:android
		ADDED from src\main\AndroidManifest.xml:2:11-69
	android:versionCode
		INJECTED from src\main\AndroidManifest.xml
		INJECTED from src\main\AndroidManifest.xml
uses-permission#android.permission.WRITE_EXTERNAL_STORAGE
ADDED from src\main\AndroidManifest.xml:5:5-7:38
	android:maxSdkVersion
		ADDED from src\main\AndroidManifest.xml:7:9-35
	android:name
		ADDED from src\main\AndroidManifest.xml:6:9-65
uses-permission#android.permission.ACCESS_FINE_LOCATION
ADDED from src\main\AndroidManifest.xml:8:5-79
	android:name
		ADDED from src\main\AndroidManifest.xml:8:22-76
uses-permission#android.permission.ACCESS_COARSE_LOCATION
ADDED from src\main\AndroidManifest.xml:9:5-81
	android:name
		ADDED from src\main\AndroidManifest.xml:9:22-78
uses-permission#android.permission.READ_EXTERNAL_STORAGE
ADDED from src\main\AndroidManifest.xml:10:5-80
	android:name
		ADDED from src\main\AndroidManifest.xml:10:22-77
uses-permission#android.permission.INTERNET
ADDED from src\main\AndroidManifest.xml:11:5-67
MERGED from [com.digits.sdk.android:digits:2.0.5] AndroidManifest.xml:65:5-67
MERGED from [com.twitter.sdk.android:twitter-core:2.3.0] AndroidManifest.xml:25:5-67
MERGED from [io.fabric.sdk.android:fabric:1.3.15] AndroidManifest.xml:29:5-67
MERGED from [com.google.android.gms:play-services-ads-lite:10.2.0] AndroidManifest.xml:19:5-66
MERGED from [com.google.android.gms:play-services-analytics:10.2.0] AndroidManifest.xml:20:5-66
MERGED from [com.google.android.gms:play-services-appinvite:10.2.0] AndroidManifest.xml:18:5-66
MERGED from [com.google.firebase:firebase-crash:10.2.0] AndroidManifest.xml:18:5-66
MERGED from [com.google.android.gms:play-services-gcm:10.2.0] AndroidManifest.xml:21:5-66
MERGED from [com.google.android.gms:play-services-iid:10.2.0] AndroidManifest.xml:21:5-66
MERGED from [com.google.android.gms:play-services-tagmanager-api:10.2.0] AndroidManifest.xml:20:5-66
MERGED from [com.google.android.gms:play-services-analytics-impl:10.2.0] AndroidManifest.xml:20:5-66
MERGED from [com.google.android.gms:play-services-maps:10.2.0] AndroidManifest.xml:20:5-66
MERGED from [com.google.firebase:firebase-analytics:10.2.0] AndroidManifest.xml:20:5-66
MERGED from [com.google.firebase:firebase-analytics-impl:10.2.0] AndroidManifest.xml:20:5-66
MERGED from [com.google.firebase:firebase-iid:10.2.0] AndroidManifest.xml:20:5-66
	android:name
		ADDED from src\main\AndroidManifest.xml:11:22-64
uses-permission#android.permission.CAMERA
ADDED from src\main\AndroidManifest.xml:12:5-65
	android:name
		ADDED from src\main\AndroidManifest.xml:12:22-62
uses-permission#android.permission.READ_PHONE_STATE
ADDED from src\main\AndroidManifest.xml:13:5-75
	android:name
		ADDED from src\main\AndroidManifest.xml:13:22-72
uses-permission#android.permission.RECEIVE_SMS
ADDED from src\main\AndroidManifest.xml:14:5-70
	android:name
		ADDED from src\main\AndroidManifest.xml:14:22-67
uses-permission#com.google.android.providers.gsf.permission.READ_GSERVICES
ADDED from src\main\AndroidManifest.xml:15:5-98
	android:name
		ADDED from src\main\AndroidManifest.xml:15:22-95
uses-permission#com.weaverprojects.gpstest.permission.MAPS_RECEIVE
ADDED from src\main\AndroidManifest.xml:16:5-90
	android:name
		ADDED from src\main\AndroidManifest.xml:16:22-87
uses-feature#android.hardware.camera
ADDED from src\main\AndroidManifest.xml:18:5-20:35
	android:required
		ADDED from src\main\AndroidManifest.xml:20:9-32
	android:name
		ADDED from src\main\AndroidManifest.xml:19:9-47
application
ADDED from src\main\AndroidManifest.xml:22:5-86:19
MERGED from [com.digits.sdk.android:digits:2.0.5] AndroidManifest.xml:67:5-166:19
MERGED from [com.twitter.sdk.android:twitter-core:2.3.0] AndroidManifest.xml:27:5-40:19
MERGED from [io.fabric.sdk.android:fabric:1.3.15] AndroidManifest.xml:31:5-20
MERGED from [com.crashlytics.sdk.android:answers-shim:0.0.4] AndroidManifest.xml:11:5-20
MERGED from [com.android.support:design:25.2.0] AndroidManifest.xml:25:5-20
MERGED from [com.android.support:transition:25.2.0] AndroidManifest.xml:22:5-20
MERGED from [com.android.support:cardview-v7:25.2.0] AndroidManifest.xml:22:5-20
MERGED from [com.google.android.gms:play-services:10.2.0] AndroidManifest.xml:5:5-20
MERGED from [com.google.android.gms:play-services-ads-lite:10.2.0] AndroidManifest.xml:23:5-27:19
MERGED from [com.google.android.gms:play-services-analytics:10.2.0] AndroidManifest.xml:26:5-19
MERGED from [com.google.android.gms:play-services-appinvite:10.2.0] AndroidManifest.xml:19:5-26:19
MERGED from [com.google.android.gms:play-services-auth:10.2.0] AndroidManifest.xml:19:5-25:19
MERGED from [com.google.android.gms:play-services-cast-framework:10.2.0] AndroidManifest.xml:4:5-8:19
MERGED from [com.google.android.gms:play-services-cast:10.2.0] AndroidManifest.xml:18:5-19
MERGED from [com.android.support:mediarouter-v7:24.0.0] AndroidManifest.xml:22:5-20
MERGED from [com.android.support:palette-v7:24.0.0] AndroidManifest.xml:22:5-23:19
MERGED from [com.android.support:appcompat-v7:25.2.0] AndroidManifest.xml:25:5-20
MERGED from [com.android.support:animated-vector-drawable:25.2.0] AndroidManifest.xml:22:5-20
MERGED from [com.android.support:support-vector-drawable:25.2.0] AndroidManifest.xml:23:5-20
MERGED from [com.google.android.gms:play-services-clearcut:10.2.0] AndroidManifest.xml:18:5-19
MERGED from [com.google.firebase:firebase-config:10.2.0] AndroidManifest.xml:18:5-19
MERGED from [com.google.android.gms:play-services-awareness:10.2.0] AndroidManifest.xml:18:5-19
MERGED from [com.google.firebase:firebase-crash:10.2.0] AndroidManifest.xml:22:5-23:19
MERGED from [com.google.firebase:firebase-auth:10.2.0] AndroidManifest.xml:19:5-20:19
MERGED from [com.google.firebase:firebase-messaging:10.2.0] AndroidManifest.xml:19:5-29:19
MERGED from [com.google.android.gms:play-services-fitness:10.2.0] AndroidManifest.xml:18:5-19
MERGED from [com.google.android.gms:play-services-games:10.2.0] AndroidManifest.xml:18:5-19
MERGED from [com.google.android.gms:play-services-drive:10.2.0] AndroidManifest.xml:18:5-19
MERGED from [com.google.android.gms:play-services-gass:10.2.0] AndroidManifest.xml:4:5-19
MERGED from [com.google.android.gms:play-services-gcm:10.2.0] AndroidManifest.xml:23:5-19
MERGED from [com.google.firebase:firebase-appindexing:10.2.0] AndroidManifest.xml:18:5-19
MERGED from [com.google.android.gms:play-services-iid:10.2.0] AndroidManifest.xml:23:5-19
MERGED from [com.google.android.gms:play-services-location:10.2.0] AndroidManifest.xml:4:5-19
MERGED from [com.google.android.gms:play-services-nearby:10.2.0] AndroidManifest.xml:5:5-19
MERGED from [com.google.android.gms:play-services-panorama:10.2.0] AndroidManifest.xml:18:5-19
MERGED from [com.google.android.gms:play-services-places:10.2.0] AndroidManifest.xml:18:5-19
MERGED from [com.google.android.gms:play-services-plus:10.2.0] AndroidManifest.xml:18:5-19
MERGED from [com.google.android.gms:play-services-safetynet:10.2.0] AndroidManifest.xml:18:5-19
MERGED from [com.google.android.gms:play-services-tagmanager-api:10.2.0] AndroidManifest.xml:23:5-33:19
MERGED from [com.google.android.gms:play-services-tagmanager-v4-impl:10.2.0] AndroidManifest.xml:19:5-19
MERGED from [com.google.android.gms:play-services-analytics-impl:10.2.0] AndroidManifest.xml:26:5-19
MERGED from [com.google.android.gms:play-services-vision:10.2.0] AndroidManifest.xml:4:5-19
MERGED from [com.google.android.gms:play-services-identity:10.2.0] AndroidManifest.xml:18:5-19
MERGED from [com.google.android.gms:play-services-wearable:10.2.0] AndroidManifest.xml:18:5-19
MERGED from [com.android.support.constraint:constraint-layout:1.0.2] AndroidManifest.xml:9:5-20
MERGED from [com.google.android.gms:play-services-maps:10.2.0] AndroidManifest.xml:24:5-19
MERGED from [com.google.android.gms:play-services-base:10.2.0] AndroidManifest.xml:18:5-20:19
MERGED from [com.google.firebase:firebase-core:10.2.0] AndroidManifest.xml:5:5-20
MERGED from [com.google.firebase:firebase-analytics:10.2.0] AndroidManifest.xml:24:5-33:19
MERGED from [com.google.firebase:firebase-analytics-impl:10.2.0] AndroidManifest.xml:24:5-28:19
MERGED from [com.google.firebase:firebase-iid:10.2.0] AndroidManifest.xml:28:5-50:19
MERGED from [com.google.firebase:firebase-common:10.2.0] AndroidManifest.xml:4:5-7:19
MERGED from [com.google.android.gms:play-services-tasks:10.2.0] AndroidManifest.xml:4:5-19
MERGED from [com.google.android.gms:play-services-basement:10.2.0] AndroidManifest.xml:19:5-21:19
MERGED from [com.android.support:support-v4:25.2.0] AndroidManifest.xml:25:5-20
MERGED from [com.android.support:support-fragment:25.2.0] AndroidManifest.xml:25:5-20
MERGED from [com.android.support:support-media-compat:25.2.0] AndroidManifest.xml:25:5-20
MERGED from [com.android.support:support-core-ui:25.2.0] AndroidManifest.xml:25:5-20
MERGED from [com.android.support:support-core-utils:25.2.0] AndroidManifest.xml:25:5-20
MERGED from [com.android.support:support-compat:25.2.0] AndroidManifest.xml:25:5-20
	android:label
		ADDED from src\main\AndroidManifest.xml:26:9-41
	android:supportsRtl
		ADDED from src\main\AndroidManifest.xml:27:9-35
	android:allowBackup
		ADDED from src\main\AndroidManifest.xml:24:9-35
	android:icon
		ADDED from src\main\AndroidManifest.xml:25:9-43
	android:theme
		ADDED from src\main\AndroidManifest.xml:28:9-40
	android:name
		ADDED from src\main\AndroidManifest.xml:23:9-32
activity#com.example.rathin.testing.tabbed_attendance$tabbed_activity
ADDED from src\main\AndroidManifest.xml:29:9-39:20
	android:label
		ADDED from src\main\AndroidManifest.xml:31:13-45
	android:windowSoftInputMode
		ADDED from src\main\AndroidManifest.xml:33:13-52
	android:theme
		ADDED from src\main\AndroidManifest.xml:32:13-56
	android:name
		ADDED from src\main\AndroidManifest.xml:30:13-62
intent-filter#android.intent.action.MAIN+android.intent.category.LAUNCHER
ADDED from src\main\AndroidManifest.xml:34:13-38:29
action#android.intent.action.MAIN
ADDED from src\main\AndroidManifest.xml:35:17-69
	android:name
		ADDED from src\main\AndroidManifest.xml:35:25-66
category#android.intent.category.LAUNCHER
ADDED from src\main\AndroidManifest.xml:37:17-77
	android:name
		ADDED from src\main\AndroidManifest.xml:37:27-74
activity#com.example.rathin.testing.tabbed_attendance
ADDED from src\main\AndroidManifest.xml:40:9-43:59
	android:label
		ADDED from src\main\AndroidManifest.xml:42:13-69
	android:theme
		ADDED from src\main\AndroidManifest.xml:43:13-56
	android:name
		ADDED from src\main\AndroidManifest.xml:41:13-46
activity#com.example.rathin.testing.landing_page
ADDED from src\main\AndroidManifest.xml:44:9-50
	android:name
		ADDED from src\main\AndroidManifest.xml:44:19-47
activity#com.example.rathin.testing.ResetPasswordActivity
ADDED from src\main\AndroidManifest.xml:45:9-59
	android:name
		ADDED from src\main\AndroidManifest.xml:45:19-56
provider#android.support.v4.content.FileProvider
ADDED from src\main\AndroidManifest.xml:47:9-55:20
	android:authorities
		ADDED from src\main\AndroidManifest.xml:49:13-74
	android:grantUriPermissions
		ADDED from src\main\AndroidManifest.xml:51:13-47
	android:exported
		ADDED from src\main\AndroidManifest.xml:50:13-37
	android:name
		ADDED from src\main\AndroidManifest.xml:48:13-67
meta-data#android.support.FILE_PROVIDER_PATHS
ADDED from src\main\AndroidManifest.xml:52:13-54:54
	android:resource
		ADDED from src\main\AndroidManifest.xml:54:17-51
	android:name
		ADDED from src\main\AndroidManifest.xml:53:17-67
meta-data#io.fabric.ApiKey
ADDED from src\main\AndroidManifest.xml:57:9-59:72
	android:value
		ADDED from src\main\AndroidManifest.xml:59:13-69
	android:name
		ADDED from src\main\AndroidManifest.xml:58:13-44
meta-data#com.google.android.geo.API_KEY
ADDED from src\main\AndroidManifest.xml:60:9-62:55
	android:value
		ADDED from src\main\AndroidManifest.xml:62:13-52
	android:name
		ADDED from src\main\AndroidManifest.xml:61:13-58
activity#com.example.rathin.testing.OtpLogin
ADDED from src\main\AndroidManifest.xml:64:9-46
	android:name
		ADDED from src\main\AndroidManifest.xml:64:19-43
meta-data#com.google.android.gms.version
ADDED from src\main\AndroidManifest.xml:69:9-71:69
MERGED from [com.google.android.gms:play-services-basement:10.2.0] AndroidManifest.xml:20:9-121
	android:value
		ADDED from src\main\AndroidManifest.xml:71:13-66
	android:name
		ADDED from src\main\AndroidManifest.xml:70:13-58
activity#com.example.rathin.testing.MapsActivity
ADDED from src\main\AndroidManifest.xml:73:9-75:59
	android:label
		ADDED from src\main\AndroidManifest.xml:75:13-56
	android:name
		ADDED from src\main\AndroidManifest.xml:74:13-41
activity#com.example.rathin.testing.employee_details
ADDED from src\main\AndroidManifest.xml:76:9-54
	android:name
		ADDED from src\main\AndroidManifest.xml:76:19-51
activity#com.example.rathin.testing.tabbed_activity
ADDED from src\main\AndroidManifest.xml:77:9-92
	android:windowSoftInputMode
		ADDED from src\main\AndroidManifest.xml:77:51-90
	android:name
		ADDED from src\main\AndroidManifest.xml:77:19-50
activity#com.example.rathin.testing.competition_tracking
ADDED from src\main\AndroidManifest.xml:78:9-98
	android:windowSoftInputMode
		ADDED from src\main\AndroidManifest.xml:78:56-95
	android:name
		ADDED from src\main\AndroidManifest.xml:78:19-55
activity#com.example.rathin.testing.NewSales
ADDED from src\main\AndroidManifest.xml:79:9-83:54
	android:label
		ADDED from src\main\AndroidManifest.xml:81:13-61
	android:windowSoftInputMode
		ADDED from src\main\AndroidManifest.xml:83:13-52
	android:theme
		ADDED from src\main\AndroidManifest.xml:82:13-44
	android:name
		ADDED from src\main\AndroidManifest.xml:80:13-37
activity#com.example.rathin.testing.credits
ADDED from src\main\AndroidManifest.xml:84:9-44
	android:name
		ADDED from src\main\AndroidManifest.xml:84:19-42
activity#com.example.rathin.testing.LocCordinate
ADDED from src\main\AndroidManifest.xml:85:9-59
	android:name
		ADDED from src\main\AndroidManifest.xml:85:19-47
uses-sdk
INJECTED from src\main\AndroidManifest.xml reason: use-sdk injection requested
MERGED from [com.digits.sdk.android:digits:2.0.5] AndroidManifest.xml:61:5-63:54
MERGED from [com.twitter.sdk.android:twitter-core:2.3.0] AndroidManifest.xml:23:5-44
MERGED from [io.fabric.sdk.android:fabric:1.3.15] AndroidManifest.xml:27:5-43
MERGED from [com.crashlytics.sdk.android:answers-shim:0.0.4] AndroidManifest.xml:7:5-9:41
MERGED from [com.android.support:design:25.2.0] AndroidManifest.xml:21:5-23:62
MERGED from [com.android.support:recyclerview-v7:25.2.0] AndroidManifest.xml:20:5-43
MERGED from [com.android.support:transition:25.2.0] AndroidManifest.xml:20:5-44
MERGED from [com.android.support:cardview-v7:25.2.0] AndroidManifest.xml:20:5-43
MERGED from [com.google.android.gms:play-services:10.2.0] AndroidManifest.xml:4:5-43
MERGED from [com.google.android.gms:play-services-ads:10.2.0] AndroidManifest.xml:17:5-43
MERGED from [com.google.android.gms:play-services-ads-lite:10.2.0] AndroidManifest.xml:22:5-43
MERGED from [com.google.android.gms:play-services-analytics:10.2.0] AndroidManifest.xml:17:5-43
MERGED from [com.google.android.gms:play-services-appinvite:10.2.0] AndroidManifest.xml:17:5-43
MERGED from [com.google.android.gms:play-services-auth:10.2.0] AndroidManifest.xml:17:5-43
MERGED from [com.google.android.gms:play-services-auth-base:10.2.0] AndroidManifest.xml:4:5-43
MERGED from [com.google.android.gms:play-services-cast-framework:10.2.0] AndroidManifest.xml:3:5-43
MERGED from [com.google.android.gms:play-services-cast:10.2.0] AndroidManifest.xml:17:5-43
MERGED from [com.android.support:mediarouter-v7:24.0.0] AndroidManifest.xml:20:5-43
MERGED from [com.android.support:palette-v7:24.0.0] AndroidManifest.xml:20:5-43
MERGED from [com.android.support:appcompat-v7:25.2.0] AndroidManifest.xml:21:5-23:78
MERGED from [com.android.support:animated-vector-drawable:25.2.0] AndroidManifest.xml:20:5-44
MERGED from [com.android.support:support-vector-drawable:25.2.0] AndroidManifest.xml:21:5-43
MERGED from [com.google.android.gms:play-services-clearcut:10.2.0] AndroidManifest.xml:17:5-43
MERGED from [com.google.firebase:firebase-config:10.2.0] AndroidManifest.xml:17:5-43
MERGED from [com.google.android.gms:play-services-awareness:10.2.0] AndroidManifest.xml:17:5-43
MERGED from [com.google.firebase:firebase-crash:10.2.0] AndroidManifest.xml:20:5-43
MERGED from [com.google.firebase:firebase-auth:10.2.0] AndroidManifest.xml:17:5-43
MERGED from [com.google.firebase:firebase-database:10.2.0] AndroidManifest.xml:3:5-43
MERGED from [com.google.firebase:firebase-database-connection:10.2.0] AndroidManifest.xml:3:5-43
MERGED from [com.google.firebase:firebase-messaging:10.2.0] AndroidManifest.xml:17:5-43
MERGED from [com.google.firebase:firebase-storage:10.2.0] AndroidManifest.xml:3:5-43
MERGED from [com.google.firebase:firebase-storage-common:10.2.0] AndroidManifest.xml:3:5-43
MERGED from [com.google.android.gms:play-services-fitness:10.2.0] AndroidManifest.xml:17:5-43
MERGED from [com.google.android.gms:play-services-games:10.2.0] AndroidManifest.xml:17:5-43
MERGED from [com.google.android.gms:play-services-drive:10.2.0] AndroidManifest.xml:17:5-43
MERGED from [com.google.android.gms:play-services-gass:10.2.0] AndroidManifest.xml:3:5-43
MERGED from [com.google.android.gms:play-services-gcm:10.2.0] AndroidManifest.xml:17:5-43
MERGED from [com.google.firebase:firebase-appindexing:10.2.0] AndroidManifest.xml:17:5-43
MERGED from [com.google.android.gms:play-services-iid:10.2.0] AndroidManifest.xml:17:5-43
MERGED from [com.google.android.gms:play-services-instantapps:10.2.0] AndroidManifest.xml:3:5-43
MERGED from [com.google.android.gms:play-services-location:10.2.0] AndroidManifest.xml:3:5-43
MERGED from [com.google.android.gms:play-services-nearby:10.2.0] AndroidManifest.xml:3:5-43
MERGED from [com.google.android.gms:play-services-panorama:10.2.0] AndroidManifest.xml:17:5-43
MERGED from [com.google.android.gms:play-services-places:10.2.0] AndroidManifest.xml:17:5-43
MERGED from [com.google.android.gms:play-services-plus:10.2.0] AndroidManifest.xml:17:5-43
MERGED from [com.google.android.gms:play-services-safetynet:10.2.0] AndroidManifest.xml:17:5-43
MERGED from [com.google.android.gms:play-services-tagmanager:10.2.0] AndroidManifest.xml:17:5-43
MERGED from [com.google.android.gms:play-services-tagmanager-api:10.2.0] AndroidManifest.xml:17:5-43
MERGED from [com.google.android.gms:play-services-tagmanager-v4-impl:10.2.0] AndroidManifest.xml:17:5-43
MERGED from [com.google.android.gms:play-services-analytics-impl:10.2.0] AndroidManifest.xml:17:5-43
MERGED from [com.google.android.gms:play-services-vision:10.2.0] AndroidManifest.xml:3:5-43
MERGED from [com.google.android.gms:play-services-wallet:10.2.0] AndroidManifest.xml:18:5-43
MERGED from [com.google.android.gms:play-services-identity:10.2.0] AndroidManifest.xml:17:5-43
MERGED from [com.google.android.gms:play-services-wearable:10.2.0] AndroidManifest.xml:17:5-43
MERGED from [com.android.support.constraint:constraint-layout:1.0.2] AndroidManifest.xml:5:5-7:41
MERGED from [com.google.android.gms:play-services-maps:10.2.0] AndroidManifest.xml:23:5-43
MERGED from [com.google.android.gms:play-services-base:10.2.0] AndroidManifest.xml:17:5-43
MERGED from [com.google.firebase:firebase-core:10.2.0] AndroidManifest.xml:4:5-43
MERGED from [com.google.firebase:firebase-analytics:10.2.0] AndroidManifest.xml:17:5-43
MERGED from [com.google.firebase:firebase-analytics-impl:10.2.0] AndroidManifest.xml:17:5-43
MERGED from [com.google.firebase:firebase-iid:10.2.0] AndroidManifest.xml:17:5-43
MERGED from [com.google.firebase:firebase-common:10.2.0] AndroidManifest.xml:3:5-43
MERGED from [com.google.android.gms:play-services-tasks:10.2.0] AndroidManifest.xml:3:5-43
MERGED from [com.google.android.gms:play-services-basement:10.2.0] AndroidManifest.xml:17:5-43
MERGED from [com.android.support:support-v4:25.2.0] AndroidManifest.xml:21:5-23:54
MERGED from [com.android.support:support-fragment:25.2.0] AndroidManifest.xml:21:5-23:60
MERGED from [com.android.support:support-media-compat:25.2.0] AndroidManifest.xml:21:5-23:63
MERGED from [com.android.support:support-core-ui:25.2.0] AndroidManifest.xml:21:5-23:58
MERGED from [com.android.support:support-core-utils:25.2.0] AndroidManifest.xml:21:5-23:61
MERGED from [com.android.support:support-compat:25.2.0] AndroidManifest.xml:21:5-23:58
	tools:overrideLibrary
		ADDED from [com.digits.sdk.android:digits:2.0.5] AndroidManifest.xml:63:9-51
	android:targetSdkVersion
		INJECTED from src\main\AndroidManifest.xml
		INJECTED from src\main\AndroidManifest.xml
	android:minSdkVersion
		INJECTED from src\main\AndroidManifest.xml
		INJECTED from src\main\AndroidManifest.xml
activity#com.digits.sdk.android.PhoneNumberActivity
ADDED from [com.digits.sdk.android:digits:2.0.5] AndroidManifest.xml:68:9-73:58
	android:exported
		ADDED from [com.digits.sdk.android:digits:2.0.5] AndroidManifest.xml:71:13-37
	android:windowSoftInputMode
		ADDED from [com.digits.sdk.android:digits:2.0.5] AndroidManifest.xml:73:13-55
	android:configChanges
		ADDED from [com.digits.sdk.android:digits:2.0.5] AndroidManifest.xml:70:13-59
	android:taskAffinity
		ADDED from [com.digits.sdk.android:digits:2.0.5] AndroidManifest.xml:72:13-58
	android:name
		ADDED from [com.digits.sdk.android:digits:2.0.5] AndroidManifest.xml:69:13-70
activity#com.digits.sdk.android.ConfirmationCodeActivity
ADDED from [com.digits.sdk.android:digits:2.0.5] AndroidManifest.xml:74:9-79:58
	android:exported
		ADDED from [com.digits.sdk.android:digits:2.0.5] AndroidManifest.xml:77:13-37
	android:windowSoftInputMode
		ADDED from [com.digits.sdk.android:digits:2.0.5] AndroidManifest.xml:79:13-55
	android:configChanges
		ADDED from [com.digits.sdk.android:digits:2.0.5] AndroidManifest.xml:76:13-59
	android:taskAffinity
		ADDED from [com.digits.sdk.android:digits:2.0.5] AndroidManifest.xml:78:13-58
	android:name
		ADDED from [com.digits.sdk.android:digits:2.0.5] AndroidManifest.xml:75:13-75
activity#com.digits.sdk.android.LoginCodeActivity
ADDED from [com.digits.sdk.android:digits:2.0.5] AndroidManifest.xml:80:9-85:58
	android:exported
		ADDED from [com.digits.sdk.android:digits:2.0.5] AndroidManifest.xml:83:13-37
	android:windowSoftInputMode
		ADDED from [com.digits.sdk.android:digits:2.0.5] AndroidManifest.xml:85:13-55
	android:configChanges
		ADDED from [com.digits.sdk.android:digits:2.0.5] AndroidManifest.xml:82:13-59
	android:taskAffinity
		ADDED from [com.digits.sdk.android:digits:2.0.5] AndroidManifest.xml:84:13-58
	android:name
		ADDED from [com.digits.sdk.android:digits:2.0.5] AndroidManifest.xml:81:13-68
activity#com.digits.sdk.android.PinCodeActivity
ADDED from [com.digits.sdk.android:digits:2.0.5] AndroidManifest.xml:86:9-91:58
	android:exported
		ADDED from [com.digits.sdk.android:digits:2.0.5] AndroidManifest.xml:89:13-37
	android:windowSoftInputMode
		ADDED from [com.digits.sdk.android:digits:2.0.5] AndroidManifest.xml:91:13-55
	android:configChanges
		ADDED from [com.digits.sdk.android:digits:2.0.5] AndroidManifest.xml:88:13-59
	android:taskAffinity
		ADDED from [com.digits.sdk.android:digits:2.0.5] AndroidManifest.xml:90:13-58
	android:name
		ADDED from [com.digits.sdk.android:digits:2.0.5] AndroidManifest.xml:87:13-66
activity#com.digits.sdk.android.FailureActivity
ADDED from [com.digits.sdk.android:digits:2.0.5] AndroidManifest.xml:92:9-96:61
	android:exported
		ADDED from [com.digits.sdk.android:digits:2.0.5] AndroidManifest.xml:95:13-37
	android:configChanges
		ADDED from [com.digits.sdk.android:digits:2.0.5] AndroidManifest.xml:94:13-59
	android:taskAffinity
		ADDED from [com.digits.sdk.android:digits:2.0.5] AndroidManifest.xml:96:13-58
	android:name
		ADDED from [com.digits.sdk.android:digits:2.0.5] AndroidManifest.xml:93:13-66
activity#com.digits.sdk.android.ContactsActivity
ADDED from [com.digits.sdk.android:digits:2.0.5] AndroidManifest.xml:97:9-100:40
	android:exported
		ADDED from [com.digits.sdk.android:digits:2.0.5] AndroidManifest.xml:100:13-37
	android:configChanges
		ADDED from [com.digits.sdk.android:digits:2.0.5] AndroidManifest.xml:99:13-59
	android:name
		ADDED from [com.digits.sdk.android:digits:2.0.5] AndroidManifest.xml:98:13-67
activity#com.digits.sdk.android.EmailRequestActivity
ADDED from [com.digits.sdk.android:digits:2.0.5] AndroidManifest.xml:101:9-106:58
	android:exported
		ADDED from [com.digits.sdk.android:digits:2.0.5] AndroidManifest.xml:104:13-37
	android:windowSoftInputMode
		ADDED from [com.digits.sdk.android:digits:2.0.5] AndroidManifest.xml:106:13-55
	android:configChanges
		ADDED from [com.digits.sdk.android:digits:2.0.5] AndroidManifest.xml:103:13-59
	android:taskAffinity
		ADDED from [com.digits.sdk.android:digits:2.0.5] AndroidManifest.xml:105:13-58
	android:name
		ADDED from [com.digits.sdk.android:digits:2.0.5] AndroidManifest.xml:102:13-71
activity#com.digits.sdk.android.PhoneNumberActionBarActivity
ADDED from [com.digits.sdk.android:digits:2.0.5] AndroidManifest.xml:107:9-112:58
	android:exported
		ADDED from [com.digits.sdk.android:digits:2.0.5] AndroidManifest.xml:110:13-37
	android:windowSoftInputMode
		ADDED from [com.digits.sdk.android:digits:2.0.5] AndroidManifest.xml:112:13-55
	android:configChanges
		ADDED from [com.digits.sdk.android:digits:2.0.5] AndroidManifest.xml:109:13-59
	android:taskAffinity
		ADDED from [com.digits.sdk.android:digits:2.0.5] AndroidManifest.xml:111:13-58
	android:name
		ADDED from [com.digits.sdk.android:digits:2.0.5] AndroidManifest.xml:108:13-79
activity#com.digits.sdk.android.ConfirmationCodeActionBarActivity
ADDED from [com.digits.sdk.android:digits:2.0.5] AndroidManifest.xml:113:9-118:58
	android:exported
		ADDED from [com.digits.sdk.android:digits:2.0.5] AndroidManifest.xml:116:13-37
	android:windowSoftInputMode
		ADDED from [com.digits.sdk.android:digits:2.0.5] AndroidManifest.xml:118:13-55
	android:configChanges
		ADDED from [com.digits.sdk.android:digits:2.0.5] AndroidManifest.xml:115:13-59
	android:taskAffinity
		ADDED from [com.digits.sdk.android:digits:2.0.5] AndroidManifest.xml:117:13-58
	android:name
		ADDED from [com.digits.sdk.android:digits:2.0.5] AndroidManifest.xml:114:13-84
activity#com.digits.sdk.android.LoginCodeActionBarActivity
ADDED from [com.digits.sdk.android:digits:2.0.5] AndroidManifest.xml:119:9-124:58
	android:exported
		ADDED from [com.digits.sdk.android:digits:2.0.5] AndroidManifest.xml:122:13-37
	android:windowSoftInputMode
		ADDED from [com.digits.sdk.android:digits:2.0.5] AndroidManifest.xml:124:13-55
	android:configChanges
		ADDED from [com.digits.sdk.android:digits:2.0.5] AndroidManifest.xml:121:13-59
	android:taskAffinity
		ADDED from [com.digits.sdk.android:digits:2.0.5] AndroidManifest.xml:123:13-58
	android:name
		ADDED from [com.digits.sdk.android:digits:2.0.5] AndroidManifest.xml:120:13-77
activity#com.digits.sdk.android.FailureActionBarActivity
ADDED from [com.digits.sdk.android:digits:2.0.5] AndroidManifest.xml:125:9-129:61
	android:exported
		ADDED from [com.digits.sdk.android:digits:2.0.5] AndroidManifest.xml:128:13-37
	android:configChanges
		ADDED from [com.digits.sdk.android:digits:2.0.5] AndroidManifest.xml:127:13-59
	android:taskAffinity
		ADDED from [com.digits.sdk.android:digits:2.0.5] AndroidManifest.xml:129:13-58
	android:name
		ADDED from [com.digits.sdk.android:digits:2.0.5] AndroidManifest.xml:126:13-75
activity#com.digits.sdk.android.ContactsActionBarActivity
ADDED from [com.digits.sdk.android:digits:2.0.5] AndroidManifest.xml:130:9-133:40
	android:exported
		ADDED from [com.digits.sdk.android:digits:2.0.5] AndroidManifest.xml:133:13-37
	android:configChanges
		ADDED from [com.digits.sdk.android:digits:2.0.5] AndroidManifest.xml:132:13-59
	android:name
		ADDED from [com.digits.sdk.android:digits:2.0.5] AndroidManifest.xml:131:13-76
activity#com.digits.sdk.android.InviteActionBarActivity
ADDED from [com.digits.sdk.android:digits:2.0.5] AndroidManifest.xml:134:9-137:40
	android:exported
		ADDED from [com.digits.sdk.android:digits:2.0.5] AndroidManifest.xml:137:13-37
	android:configChanges
		ADDED from [com.digits.sdk.android:digits:2.0.5] AndroidManifest.xml:136:13-59
	android:name
		ADDED from [com.digits.sdk.android:digits:2.0.5] AndroidManifest.xml:135:13-74
activity#com.digits.sdk.android.PinCodeActionBarActivity
ADDED from [com.digits.sdk.android:digits:2.0.5] AndroidManifest.xml:138:9-143:58
	android:exported
		ADDED from [com.digits.sdk.android:digits:2.0.5] AndroidManifest.xml:141:13-37
	android:windowSoftInputMode
		ADDED from [com.digits.sdk.android:digits:2.0.5] AndroidManifest.xml:143:13-55
	android:configChanges
		ADDED from [com.digits.sdk.android:digits:2.0.5] AndroidManifest.xml:140:13-59
	android:taskAffinity
		ADDED from [com.digits.sdk.android:digits:2.0.5] AndroidManifest.xml:142:13-58
	android:name
		ADDED from [com.digits.sdk.android:digits:2.0.5] AndroidManifest.xml:139:13-75
activity#com.digits.sdk.android.EmailRequestActionBarActivity
ADDED from [com.digits.sdk.android:digits:2.0.5] AndroidManifest.xml:144:9-149:58
	android:exported
		ADDED from [com.digits.sdk.android:digits:2.0.5] AndroidManifest.xml:147:13-37
	android:windowSoftInputMode
		ADDED from [com.digits.sdk.android:digits:2.0.5] AndroidManifest.xml:149:13-55
	android:configChanges
		ADDED from [com.digits.sdk.android:digits:2.0.5] AndroidManifest.xml:146:13-59
	android:taskAffinity
		ADDED from [com.digits.sdk.android:digits:2.0.5] AndroidManifest.xml:148:13-58
	android:name
		ADDED from [com.digits.sdk.android:digits:2.0.5] AndroidManifest.xml:145:13-80
activity#com.digits.sdk.android.InviteActivity